# JRE version: OpenJDK Runtime Environment (21.0.6) (build 21.0.6+-13368085-b895.109)
# Java VM: OpenJDK 64-Bit Server VM (21.0.6+-13368085-b895.109, mixed mode, tiered, compressed oops, compressed class ptrs, g1 gc, windows-amd64)
GC Precious Log:
 CardTable entry size: 512
 Card Set container configuration: InlinePtr #cards 5 size 8 Array Of Cards #cards 12 size 40 Howl #buckets 4 coarsen threshold 1843 Howl Bitmap #cards 512 size 80 coarsen threshold 460 Card regions per heap region 1 cards per card region 2048
 CPUs: 8 total, 8 available
 Memory: 7971M
 Large Page Support: Disabled
 NUMA Support: Disabled
 Compressed Oops: Enabled (32-bit)
 Heap Region Size: 1M
 Heap Min Capacity: 8M
 Heap Initial Capacity: 126M
 Heap Max Capacity: 2G
 Pre-touch: Disabled
 Parallel Workers: 8
 Concurrent Workers: 2
 Concurrent Refinement Workers: 8
 Periodic GC: Disabled
Heap:
 garbage-first heap   total 204800K, used 151697K [0x0000000080000000, 0x0000000100000000)
  region size 1024K, 16 young (16384K), 6 survivors (6144K)
 Metaspace       used 122880K, committed 125120K, reserved 1179648K
  class space    used 16532K, committed 17664K, reserved 1048576K
GC Heap History (20 events):
Event: 63.435 GC heap before
{Heap before GC invocations=36 (full 0):
 garbage-first heap   total 167936K, used 141819K [0x0000000080000000, 0x0000000100000000)
  region size 1024K, 47 young (48128K), 6 survivors (6144K)
 Metaspace       used 107150K, committed 109184K, reserved 1179648K
  class space    used 14542K, committed 15552K, reserved 1048576K
}
Event: 63.448 GC heap after
{Heap after GC invocations=37 (full 0):
 garbage-first heap   total 167936K, used 102024K [0x0000000080000000, 0x0000000100000000)
  region size 1024K, 6 young (6144K), 6 survivors (6144K)
 Metaspace       used 107150K, committed 109184K, reserved 1179648K
  class space    used 14542K, committed 15552K, reserved 1048576K
}
Event: 64.722 GC heap before
{Heap before GC invocations=37 (full 0):
 garbage-first heap   total 167936K, used 155272K [0x0000000080000000, 0x0000000100000000)
  region size 1024K, 54 young (55296K), 6 survivors (6144K)
 Metaspace       used 110873K, committed 112960K, reserved 1179648K
  class space    used 14862K, committed 15936K, reserved 1048576K
}
Event: 64.739 GC heap after
{Heap after GC invocations=38 (full 0):
 garbage-first heap   total 169984K, used 107402K [0x0000000080000000, 0x0000000100000000)
  region size 1024K, 7 young (7168K), 7 survivors (7168K)
 Metaspace       used 110873K, committed 112960K, reserved 1179648K
  class space    used 14862K, committed 15936K, reserved 1048576K
}
Event: 66.566 GC heap before
{Heap before GC invocations=38 (full 0):
 garbage-first heap   total 169984K, used 153482K [0x0000000080000000, 0x0000000100000000)
  region size 1024K, 52 young (53248K), 7 survivors (7168K)
 Metaspace       used 113476K, committed 115584K, reserved 1179648K
  class space    used 15245K, committed 16320K, reserved 1048576K
}
Event: 66.584 GC heap after
{Heap after GC invocations=39 (full 0):
 garbage-first heap   total 169984K, used 114116K [0x0000000080000000, 0x0000000100000000)
  region size 1024K, 6 young (6144K), 6 survivors (6144K)
 Metaspace       used 113476K, committed 115584K, reserved 1179648K
  class space    used 15245K, committed 16320K, reserved 1048576K
}
Event: 67.317 GC heap before
{Heap before GC invocations=40 (full 0):
 garbage-first heap   total 191488K, used 152004K [0x0000000080000000, 0x0000000100000000)
  region size 1024K, 44 young (45056K), 6 survivors (6144K)
 Metaspace       used 113490K, committed 115584K, reserved 1179648K
  class space    used 15246K, committed 16320K, reserved 1048576K
}
Event: 67.329 GC heap after
{Heap after GC invocations=41 (full 0):
 garbage-first heap   total 191488K, used 116522K [0x0000000080000000, 0x0000000100000000)
  region size 1024K, 3 young (3072K), 3 survivors (3072K)
 Metaspace       used 113490K, committed 115584K, reserved 1179648K
  class space    used 15246K, committed 16320K, reserved 1048576K
}
Event: 68.902 GC heap before
{Heap before GC invocations=41 (full 0):
 garbage-first heap   total 191488K, used 172842K [0x0000000080000000, 0x0000000100000000)
  region size 1024K, 59 young (60416K), 3 survivors (3072K)
 Metaspace       used 113974K, committed 116096K, reserved 1179648K
  class space    used 15323K, committed 16384K, reserved 1048576K
}
Event: 68.914 GC heap after
{Heap after GC invocations=42 (full 0):
 garbage-first heap   total 191488K, used 119574K [0x0000000080000000, 0x0000000100000000)
  region size 1024K, 6 young (6144K), 6 survivors (6144K)
 Metaspace       used 113974K, committed 116096K, reserved 1179648K
  class space    used 15323K, committed 16384K, reserved 1048576K
}
Event: 70.889 GC heap before
{Heap before GC invocations=42 (full 0):
 garbage-first heap   total 191488K, used 172822K [0x0000000080000000, 0x0000000100000000)
  region size 1024K, 59 young (60416K), 6 survivors (6144K)
 Metaspace       used 114098K, committed 116224K, reserved 1179648K
  class space    used 15335K, committed 16384K, reserved 1048576K
}
Event: 70.901 GC heap after
{Heap after GC invocations=43 (full 0):
 garbage-first heap   total 191488K, used 122660K [0x0000000080000000, 0x0000000100000000)
  region size 1024K, 6 young (6144K), 6 survivors (6144K)
 Metaspace       used 114098K, committed 116224K, reserved 1179648K
  class space    used 15335K, committed 16384K, reserved 1048576K
}
Event: 73.258 GC heap before
{Heap before GC invocations=44 (full 0):
 garbage-first heap   total 204800K, used 173860K [0x0000000080000000, 0x0000000100000000)
  region size 1024K, 57 young (58368K), 6 survivors (6144K)
 Metaspace       used 115510K, committed 117568K, reserved 1179648K
  class space    used 15531K, committed 16576K, reserved 1048576K
}
Event: 73.269 GC heap after
{Heap after GC invocations=45 (full 0):
 garbage-first heap   total 204800K, used 125295K [0x0000000080000000, 0x0000000100000000)
  region size 1024K, 6 young (6144K), 6 survivors (6144K)
 Metaspace       used 115510K, committed 117568K, reserved 1179648K
  class space    used 15531K, committed 16576K, reserved 1048576K
}
Event: 76.242 GC heap before
{Heap before GC invocations=45 (full 0):
 garbage-first heap   total 204800K, used 186735K [0x0000000080000000, 0x0000000100000000)
  region size 1024K, 67 young (68608K), 6 survivors (6144K)
 Metaspace       used 117924K, committed 120064K, reserved 1179648K
  class space    used 15823K, committed 16896K, reserved 1048576K
}
Event: 76.259 GC heap after
{Heap after GC invocations=46 (full 0):
 garbage-first heap   total 204800K, used 128967K [0x0000000080000000, 0x0000000100000000)
  region size 1024K, 7 young (7168K), 7 survivors (7168K)
 Metaspace       used 117924K, committed 120064K, reserved 1179648K
  class space    used 15823K, committed 16896K, reserved 1048576K
}
Event: 77.700 GC heap before
{Heap before GC invocations=46 (full 0):
 garbage-first heap   total 204800K, used 186311K [0x0000000080000000, 0x0000000100000000)
  region size 1024K, 64 young (65536K), 7 survivors (7168K)
 Metaspace       used 119122K, committed 121280K, reserved 1179648K
  class space    used 15986K, committed 17088K, reserved 1048576K
}
Event: 77.718 GC heap after
{Heap after GC invocations=47 (full 0):
 garbage-first heap   total 204800K, used 136192K [0x0000000080000000, 0x0000000100000000)
  region size 1024K, 8 young (8192K), 8 survivors (8192K)
 Metaspace       used 119122K, committed 121280K, reserved 1179648K
  class space    used 15986K, committed 17088K, reserved 1048576K
}
Event: 79.067 GC heap before
{Heap before GC invocations=47 (full 0):
 garbage-first heap   total 204800K, used 185344K [0x0000000080000000, 0x0000000100000000)
  region size 1024K, 57 young (58368K), 8 survivors (8192K)
 Metaspace       used 122519K, committed 124736K, reserved 1179648K
  class space    used 16501K, committed 17664K, reserved 1048576K
}
Event: 79.083 GC heap after
{Heap after GC invocations=48 (full 0):
 garbage-first heap   total 204800K, used 142481K [0x0000000080000000, 0x0000000100000000)
  region size 1024K, 6 young (6144K), 6 survivors (6144K)
 Metaspace       used 122519K, committed 124736K, reserved 1179648K
  class space    used 16501K, committed 17664K, reserved 1048576K
}

