# JRE version: OpenJDK Runtime Environment (21.0.6) (build 21.0.6+-13368085-b895.109)
# Java VM: OpenJDK 64-Bit Server VM (21.0.6+-13368085-b895.109, mixed mode, tiered, compressed oops, compressed class ptrs, g1 gc, windows-amd64)
GC Precious Log:
 CardTable entry size: 512
 Card Set container configuration: InlinePtr #cards 5 size 8 Array Of Cards #cards 12 size 40 Howl #buckets 4 coarsen threshold 1843 Howl Bitmap #cards 512 size 80 coarsen threshold 460 Card regions per heap region 1 cards per card region 2048
 CPUs: 8 total, 8 available
 Memory: 7971M
 Large Page Support: Disabled
 NUMA Support: Disabled
 Compressed Oops: Enabled (32-bit)
 Heap Region Size: 1M
 Heap Min Capacity: 8M
 Heap Initial Capacity: 126M
 Heap Max Capacity: 2G
 Pre-touch: Disabled
 Parallel Workers: 8
 Concurrent Workers: 2
 Concurrent Refinement Workers: 8
 Periodic GC: Disabled
Heap:
 garbage-first heap   total 155648K, used 120357K [0x0000000080000000, 0x0000000100000000)
  region size 1024K, 31 young (31744K), 3 survivors (3072K)
 Metaspace       used 97299K, committed 99328K, reserved 1179648K
  class space    used 13114K, committed 14144K, reserved 1048576K
GC Heap History (20 events):
Event: 42.376 GC heap before
{Heap before GC invocations=27 (full 0):
 garbage-first heap   total 119808K, used 100122K [0x0000000080000000, 0x0000000100000000)
  region size 1024K, 31 young (31744K), 2 survivors (2048K)
 Metaspace       used 73046K, committed 74752K, reserved 1114112K
  class space    used 9672K, committed 10496K, reserved 1048576K
}
Event: 42.382 GC heap after
{Heap after GC invocations=28 (full 0):
 garbage-first heap   total 119808K, used 72067K [0x0000000080000000, 0x0000000100000000)
  region size 1024K, 3 young (3072K), 3 survivors (3072K)
 Metaspace       used 73046K, committed 74752K, reserved 1114112K
  class space    used 9672K, committed 10496K, reserved 1048576K
}
Event: 43.354 GC heap before
{Heap before GC invocations=28 (full 0):
 garbage-first heap   total 119808K, used 104835K [0x0000000080000000, 0x0000000100000000)
  region size 1024K, 35 young (35840K), 3 survivors (3072K)
 Metaspace       used 77121K, committed 78912K, reserved 1179648K
  class space    used 10268K, committed 11200K, reserved 1048576K
}
Event: 43.363 GC heap after
{Heap after GC invocations=29 (full 0):
 garbage-first heap   total 119808K, used 75128K [0x0000000080000000, 0x0000000100000000)
  region size 1024K, 5 young (5120K), 5 survivors (5120K)
 Metaspace       used 77121K, committed 78912K, reserved 1179648K
  class space    used 10268K, committed 11200K, reserved 1048576K
}
Event: 43.383 GC heap before
{Heap before GC invocations=29 (full 0):
 garbage-first heap   total 119808K, used 78200K [0x0000000080000000, 0x0000000100000000)
  region size 1024K, 9 young (9216K), 5 survivors (5120K)
 Metaspace       used 77121K, committed 78912K, reserved 1179648K
  class space    used 10268K, committed 11200K, reserved 1048576K
}
Event: 43.390 GC heap after
{Heap after GC invocations=30 (full 0):
 garbage-first heap   total 119808K, used 77476K [0x0000000080000000, 0x0000000100000000)
  region size 1024K, 5 young (5120K), 5 survivors (5120K)
 Metaspace       used 77121K, committed 78912K, reserved 1179648K
  class space    used 10268K, committed 11200K, reserved 1048576K
}
Event: 43.912 GC heap before
{Heap before GC invocations=31 (full 0):
 garbage-first heap   total 135168K, used 104100K [0x0000000080000000, 0x0000000100000000)
  region size 1024K, 27 young (27648K), 5 survivors (5120K)
 Metaspace       used 78477K, committed 80384K, reserved 1179648K
  class space    used 10447K, committed 11392K, reserved 1048576K
}
Event: 43.918 GC heap after
{Heap after GC invocations=32 (full 0):
 garbage-first heap   total 135168K, used 78654K [0x0000000080000000, 0x0000000100000000)
  region size 1024K, 2 young (2048K), 2 survivors (2048K)
 Metaspace       used 78477K, committed 80384K, reserved 1179648K
  class space    used 10447K, committed 11392K, reserved 1048576K
}
Event: 44.655 GC heap before
{Heap before GC invocations=32 (full 0):
 garbage-first heap   total 135168K, used 110398K [0x0000000080000000, 0x0000000100000000)
  region size 1024K, 34 young (34816K), 2 survivors (2048K)
 Metaspace       used 81068K, committed 82944K, reserved 1179648K
  class space    used 10764K, committed 11712K, reserved 1048576K
}
Event: 44.660 GC heap after
{Heap after GC invocations=33 (full 0):
 garbage-first heap   total 135168K, used 80261K [0x0000000080000000, 0x0000000100000000)
  region size 1024K, 4 young (4096K), 4 survivors (4096K)
 Metaspace       used 81068K, committed 82944K, reserved 1179648K
  class space    used 10764K, committed 11712K, reserved 1048576K
}
Event: 45.336 GC heap before
{Heap before GC invocations=33 (full 0):
 garbage-first heap   total 135168K, used 99717K [0x0000000080000000, 0x0000000100000000)
  region size 1024K, 24 young (24576K), 4 survivors (4096K)
 Metaspace       used 83729K, committed 85568K, reserved 1179648K
  class space    used 11130K, committed 12032K, reserved 1048576K
}
Event: 45.342 GC heap after
{Heap after GC invocations=34 (full 0):
 garbage-first heap   total 135168K, used 81454K [0x0000000080000000, 0x0000000100000000)
  region size 1024K, 3 young (3072K), 3 survivors (3072K)
 Metaspace       used 83729K, committed 85568K, reserved 1179648K
  class space    used 11130K, committed 12032K, reserved 1048576K
}
Event: 46.349 GC heap before
{Heap before GC invocations=35 (full 0):
 garbage-first heap   total 143360K, used 120366K [0x0000000080000000, 0x0000000100000000)
  region size 1024K, 37 young (37888K), 3 survivors (3072K)
 Metaspace       used 86918K, committed 88704K, reserved 1179648K
  class space    used 11536K, committed 12416K, reserved 1048576K
}
Event: 46.356 GC heap after
{Heap after GC invocations=36 (full 0):
 garbage-first heap   total 143360K, used 88024K [0x0000000080000000, 0x0000000100000000)
  region size 1024K, 4 young (4096K), 4 survivors (4096K)
 Metaspace       used 86918K, committed 88704K, reserved 1179648K
  class space    used 11536K, committed 12416K, reserved 1048576K
}
Event: 47.225 GC heap before
{Heap before GC invocations=36 (full 0):
 garbage-first heap   total 143360K, used 124888K [0x0000000080000000, 0x0000000100000000)
  region size 1024K, 40 young (40960K), 4 survivors (4096K)
 Metaspace       used 88518K, committed 90368K, reserved 1179648K
  class space    used 11739K, committed 12672K, reserved 1048576K
}
Event: 47.235 GC heap after
{Heap after GC invocations=37 (full 0):
 garbage-first heap   total 143360K, used 89717K [0x0000000080000000, 0x0000000100000000)
  region size 1024K, 5 young (5120K), 5 survivors (5120K)
 Metaspace       used 88518K, committed 90368K, reserved 1179648K
  class space    used 11739K, committed 12672K, reserved 1048576K
}
Event: 48.122 GC heap before
{Heap before GC invocations=37 (full 0):
 garbage-first heap   total 143360K, used 126581K [0x0000000080000000, 0x0000000100000000)
  region size 1024K, 41 young (41984K), 5 survivors (5120K)
 Metaspace       used 91699K, committed 93568K, reserved 1179648K
  class space    used 12177K, committed 13120K, reserved 1048576K
}
Event: 48.133 GC heap after
{Heap after GC invocations=38 (full 0):
 garbage-first heap   total 143360K, used 91488K [0x0000000080000000, 0x0000000100000000)
  region size 1024K, 4 young (4096K), 4 survivors (4096K)
 Metaspace       used 91699K, committed 93568K, reserved 1179648K
  class space    used 12177K, committed 13120K, reserved 1048576K
}
Event: 49.220 GC heap before
{Heap before GC invocations=39 (full 0):
 garbage-first heap   total 155648K, used 130400K [0x0000000080000000, 0x0000000100000000)
  region size 1024K, 41 young (41984K), 4 survivors (4096K)
 Metaspace       used 94981K, committed 96960K, reserved 1179648K
  class space    used 12762K, committed 13760K, reserved 1048576K
}
Event: 49.226 GC heap after
{Heap after GC invocations=40 (full 0):
 garbage-first heap   total 155648K, used 92709K [0x0000000080000000, 0x0000000100000000)
  region size 1024K, 3 young (3072K), 3 survivors (3072K)
 Metaspace       used 94981K, committed 96960K, reserved 1179648K
  class space    used 12762K, committed 13760K, reserved 1048576K
}

